<?xml version="1.0" encoding="UTF-8"?>
<!-- Generated by org.testng.reporters.JUnitReportReporter -->
<testsuite skipped="0" hostname="C4J0PT2" name="testCases.Test_001_Login" tests="2" failures="0" timestamp="30 Aug 2020 10:42:29 GMT" time="30.303" errors="0">
  <testcase name="checkLoginTilte" time="7.469" classname="testCases.Test_001_Login"/>
  <testcase name="checkLoginPage" time="22.834" classname="testCases.Test_001_Login"/>
</testsuite> <!-- testCases.Test_001_Login -->
