<?xml version="1.0" encoding="UTF-8"?>
<!-- Generated by org.testng.reporters.JUnitReportReporter -->
<testsuite skipped="0" hostname="C4J0PT2" name="testDelatePackage.Test1" tests="1" failures="0" timestamp="26 Aug 2020 16:35:06 GMT" time="0.008" errors="0">
  <testcase name="check" time="0.008" classname="testDelatePackage.Test1"/>
</testsuite> <!-- testDelatePackage.Test1 -->
