<?xml version="1.0" encoding="UTF-8"?>
<!-- Generated by org.testng.reporters.JUnitReportReporter -->
<testsuite skipped="0" hostname="C4J0PT2" name="testCases.Test_001_Login" tests="2" failures="0" timestamp="31 Aug 2020 11:25:43 GMT" time="38.000" errors="0">
  <testcase name="checkLoginTilte" time="13.451" classname="testCases.Test_001_Login"/>
  <testcase name="checkLoginPage" time="24.549" classname="testCases.Test_001_Login"/>
</testsuite> <!-- testCases.Test_001_Login -->
