<?xml version="1.0" encoding="UTF-8"?>
<!-- Generated by org.testng.reporters.JUnitReportReporter -->
<testsuite skipped="0" hostname="C4J0PT2" name="testCases.Test_002_Login_DDT" tests="1" failures="0" timestamp="27 Aug 2020 18:50:37 GMT" time="51.887" errors="0">
  <testcase name="checkLoginPage" time="51.887" classname="testCases.Test_002_Login_DDT"/>
</testsuite> <!-- testCases.Test_002_Login_DDT -->
