<?xml version="1.0" encoding="UTF-8"?>
<!-- Generated by org.testng.reporters.JUnitReportReporter -->
<testsuite skipped="0" hostname="C4J0PT2" name="utilitys.excel" tests="1" failures="0" timestamp="21 Aug 2020 14:27:06 GMT" time="0.523" errors="0">
  <testcase name="test" time="0.523" classname="utilitys.excel"/>
</testsuite> <!-- utilitys.excel -->
