<?xml version="1.0" encoding="UTF-8"?>
<!-- Generated by org.testng.reporters.JUnitReportReporter -->
<testsuite skipped="0" hostname="C4J0PT2" name="testDelatePackage.Log4j2HelloWorldExample" tests="1" failures="0" timestamp="25 Aug 2020 11:37:23 GMT" time="0.021" errors="0">
  <testcase name="test" time="0.021" classname="testDelatePackage.Log4j2HelloWorldExample"/>
</testsuite> <!-- testDelatePackage.Log4j2HelloWorldExample -->
