<?xml version="1.0" encoding="UTF-8"?>
<!-- Generated by org.testng.reporters.JUnitReportReporter -->
<testsuite skipped="0" hostname="C4J0PT2" name="com.qa.utilitys.Log4j2HelloWorldExample" tests="1" failures="0" timestamp="25 Aug 2020 05:30:33 GMT" time="0.012" errors="0">
  <testcase name="test" time="0.012" classname="com.qa.utilitys.Log4j2HelloWorldExample"/>
</testsuite> <!-- com.qa.utilitys.Log4j2HelloWorldExample -->
