<?xml version="1.0" encoding="UTF-8"?>
<!-- Generated by org.testng.reporters.JUnitReportReporter -->
<testsuite skipped="0" hostname="C4J0PT2" name="testCases.Log4j2HelloWorldExample" tests="1" failures="0" timestamp="24 Aug 2020 15:53:03 GMT" time="0.035" errors="0">
  <testcase name="test" time="0.035" classname="testCases.Log4j2HelloWorldExample"/>
</testsuite> <!-- testCases.Log4j2HelloWorldExample -->
