<?xml version="1.0" encoding="UTF-8"?>
<!-- Generated by org.testng.reporters.JUnitReportReporter -->
<testsuite skipped="0" hostname="C4J0PT2" name="testCases.test" tests="1" failures="0" timestamp="24 Aug 2020 14:47:03 GMT" time="0.420" errors="0">
  <testcase name="name" time="0.420" classname="testCases.test"/>
</testsuite> <!-- testCases.test -->
